This file contains any messages produced by compilers while
running configure, to aid debugging if configure makes a mistake.

It was created by Mesquite configure 2.3.0, which was
generated by GNU Autoconf 2.69.  Invocation command line was

  $ ./configure --enable-shared

## --------- ##
## Platform. ##
## --------- ##

hostname = coffeemachine
uname -m = x86_64
uname -r = 5.3.0-28-generic
uname -s = Linux
uname -v = #30~18.04.1-Ubuntu SMP Fri Jan 17 06:14:09 UTC 2020

/usr/bin/uname -p = unknown
/bin/uname -X     = unknown

/bin/arch              = unknown
/usr/bin/arch -k       = unknown
/usr/convex/getsysinfo = unknown
/usr/bin/hostinfo      = unknown
/bin/machine           = unknown
/usr/bin/oslevel       = unknown
/bin/universe          = unknown

PATH: /home/grinder/.local/bin
PATH: /home/grinder/.pyenv/plugins/pyenv-virtualenv/shims
PATH: /home/grinder/.pyenv/shims
PATH: /home/grinder/.pyenv/bin
PATH: /home/grinder/.pyenv/plugins/pyenv-virtualenv/shims
PATH: /home/grinder/.pyenv/shims
PATH: /home/grinder/.pyenv/bin
PATH: /home/grinder/.local/bin
PATH: /usr/local/sbin
PATH: /usr/local/bin
PATH: /usr/sbin
PATH: /usr/bin
PATH: /sbin
PATH: /bin
PATH: /usr/games
PATH: /usr/local/games
PATH: /snap/bin
PATH: /home/grinder/bin/
PATH: /home/grinder/bin/
PATH: /home/grinder/bin/
PATH: /home/grinder/bin/
PATH: /home/grinder/bin/
PATH: /home/grinder/bin/


## ----------- ##
## Core tests. ##
## ----------- ##

configure:2667: checking build system type
configure:2681: result: x86_64-pc-linux-gnu
configure:2701: checking host system type
configure:2714: result: x86_64-pc-linux-gnu
configure:2734: checking target system type
configure:2747: result: x86_64-pc-linux-gnu
configure:2790: checking for a BSD-compatible install
configure:2858: result: /usr/bin/install -c
configure:2869: checking whether build environment is sane
configure:2924: result: yes
configure:3075: checking for a thread-safe mkdir -p
configure:3114: result: /bin/mkdir -p
configure:3121: checking for gawk
configure:3137: found /usr/bin/gawk
configure:3148: result: gawk
configure:3159: checking whether make sets $(MAKE)
configure:3181: result: yes
configure:3210: checking whether make supports nested variables
configure:3227: result: yes
configure:3419: checking whether make sets $(MAKE)
configure:3441: result: yes
configure:3557: checking whether make supports nested variables
configure:3574: result: yes
configure:3793: checking for cc
configure:3809: found /usr/bin/cc
configure:3820: result: cc
configure:3851: checking for C compiler version
configure:3860: cc --version >&5
clang version 6.0.0-1ubuntu2 (tags/RELEASE_600/final)
Target: x86_64-pc-linux-gnu
Thread model: posix
InstalledDir: /usr/bin
configure:3871: $? = 0
configure:3860: cc -v >&5
clang version 6.0.0-1ubuntu2 (tags/RELEASE_600/final)
Target: x86_64-pc-linux-gnu
Thread model: posix
InstalledDir: /usr/bin
Found candidate GCC installation: /usr/bin/../lib/gcc/i686-linux-gnu/8
Found candidate GCC installation: /usr/bin/../lib/gcc/x86_64-linux-gnu/7
Found candidate GCC installation: /usr/bin/../lib/gcc/x86_64-linux-gnu/7.5.0
Found candidate GCC installation: /usr/bin/../lib/gcc/x86_64-linux-gnu/8
Found candidate GCC installation: /usr/lib/gcc/i686-linux-gnu/8
Found candidate GCC installation: /usr/lib/gcc/x86_64-linux-gnu/7
... rest of stderr output deleted ...
configure:3871: $? = 0
configure:3860: cc -V >&5
clang: error: argument to '-V' is missing (expected 1 value)
clang: error: no input files
configure:3871: $? = 1
configure:3860: cc -qversion >&5
clang: error: unknown argument: '-qversion'
clang: error: no input files
configure:3871: $? = 1
configure:3891: checking whether the C compiler works
configure:3913: cc  -fPIC   conftest.c -lm >&5
configure:3917: $? = 0
configure:3965: result: yes
configure:3968: checking for C compiler default output file name
configure:3970: result: a.out
configure:3976: checking for suffix of executables
configure:3983: cc -o conftest  -fPIC   conftest.c -lm >&5
configure:3987: $? = 0
configure:4009: result: 
configure:4031: checking whether we are cross compiling
configure:4039: cc -o conftest  -fPIC   conftest.c -lm >&5
configure:4043: $? = 0
configure:4050: ./conftest
configure:4054: $? = 0
configure:4069: result: no
configure:4074: checking for suffix of object files
configure:4096: cc -c  -fPIC  conftest.c >&5
configure:4100: $? = 0
configure:4121: result: o
configure:4125: checking whether we are using the GNU C compiler
configure:4144: cc -c  -fPIC  conftest.c >&5
configure:4144: $? = 0
configure:4153: result: yes
configure:4162: checking whether cc accepts -g
configure:4182: cc -c -g  conftest.c >&5
configure:4182: $? = 0
configure:4223: result: yes
configure:4240: checking for cc option to accept ISO C89
configure:4303: cc  -c  -fPIC  conftest.c >&5
configure:4303: $? = 0
configure:4316: result: none needed
configure:4341: checking whether cc understands -c and -o together
configure:4363: cc -c conftest.c -o conftest2.o
configure:4366: $? = 0
configure:4363: cc -c conftest.c -o conftest2.o
configure:4366: $? = 0
configure:4378: result: yes
configure:4406: checking for style of include used by make
configure:4434: result: GNU
configure:4460: checking dependency style of cc
configure:4571: result: gcc3
configure:4644: checking for aCC
configure:4674: result: no
configure:4644: checking for cxx
configure:4674: result: no
configure:4644: checking for xlC_r
configure:4674: result: no
configure:4644: checking for xlC
configure:4674: result: no
configure:4644: checking for c++
configure:4660: found /usr/bin/c++
configure:4671: result: c++
configure:4698: checking for C++ compiler version
configure:4707: c++ --version >&5
clang version 6.0.0-1ubuntu2 (tags/RELEASE_600/final)
Target: x86_64-pc-linux-gnu
Thread model: posix
InstalledDir: /usr/bin
configure:4718: $? = 0
configure:4707: c++ -v >&5
clang version 6.0.0-1ubuntu2 (tags/RELEASE_600/final)
Target: x86_64-pc-linux-gnu
Thread model: posix
InstalledDir: /usr/bin
Found candidate GCC installation: /usr/bin/../lib/gcc/i686-linux-gnu/8
Found candidate GCC installation: /usr/bin/../lib/gcc/x86_64-linux-gnu/7
Found candidate GCC installation: /usr/bin/../lib/gcc/x86_64-linux-gnu/7.5.0
Found candidate GCC installation: /usr/bin/../lib/gcc/x86_64-linux-gnu/8
Found candidate GCC installation: /usr/lib/gcc/i686-linux-gnu/8
Found candidate GCC installation: /usr/lib/gcc/x86_64-linux-gnu/7
... rest of stderr output deleted ...
configure:4718: $? = 0
configure:4707: c++ -V >&5
clang: error: argument to '-V' is missing (expected 1 value)
clang: error: no input files
configure:4718: $? = 1
configure:4707: c++ -qversion >&5
clang: error: unknown argument: '-qversion'
clang: error: no input files
configure:4718: $? = 1
configure:4722: checking whether we are using the GNU C++ compiler
configure:4741: c++ -c  -fPIC  conftest.cpp >&5
configure:4741: $? = 0
configure:4750: result: yes
configure:4759: checking whether c++ accepts -g
configure:4779: c++ -c -g  conftest.cpp >&5
configure:4779: $? = 0
configure:4820: result: yes
configure:4845: checking dependency style of c++
configure:4956: result: gcc3
configure:4980: checking for known c++ compilers
configure:5277: result: GNU
configure:5285: checking for known compiler/OS combinations
configure:5364: result: GNU:x86_64
configure:5424: checking if compiler accepts flag: -Wall
configure:5446: c++ -c  -fPIC -Wall  conftest.cpp >&5
configure:5446: $? = 0
configure:5460: result: yes
configure:5424: checking if compiler accepts flag: -pipe
configure:5446: c++ -c  -fPIC -pipe  conftest.cpp >&5
configure:5446: $? = 0
configure:5460: result: yes
configure:6476: checking how to print strings
configure:6503: result: printf
configure:6524: checking for a sed that does not truncate output
configure:6588: result: /bin/sed
configure:6606: checking for grep that handles long lines and -e
configure:6664: result: /bin/grep
configure:6669: checking for egrep
configure:6731: result: /bin/grep -E
configure:6736: checking for fgrep
configure:6798: result: /bin/grep -F
configure:6833: checking for ld used by cc
configure:6900: result: /usr/bin/ld
configure:6907: checking if the linker (/usr/bin/ld) is GNU ld
configure:6922: result: yes
configure:6934: checking for BSD- or MS-compatible name lister (nm)
configure:6988: result: /usr/bin/nm -B
configure:7118: checking the name lister (/usr/bin/nm -B) interface
configure:7125: c++ -c  -fPIC  conftest.cpp >&5
configure:7128: /usr/bin/nm -B "conftest.o"
configure:7131: output
0000000000000000 B some_variable
configure:7138: result: BSD nm
configure:7141: checking whether ln -s works
configure:7145: result: yes
configure:7153: checking the maximum length of command line arguments
configure:7284: result: 1572864
configure:7332: checking how to convert x86_64-pc-linux-gnu file names to x86_64-pc-linux-gnu format
configure:7372: result: func_convert_file_noop
configure:7379: checking how to convert x86_64-pc-linux-gnu file names to toolchain format
configure:7399: result: func_convert_file_noop
configure:7406: checking for /usr/bin/ld option to reload object files
configure:7413: result: -r
configure:7487: checking for objdump
configure:7514: result: objdump
configure:7543: checking how to recognize dependent libraries
configure:7743: result: pass_all
configure:7828: checking for dlltool
configure:7855: result: dlltool
configure:7885: checking how to associate runtime and link libraries
configure:7912: result: printf %s\n
configure:7972: checking for ar
configure:7988: found /usr/bin/ar
configure:7999: result: ar
configure:8036: checking for archiver @FILE support
configure:8053: c++ -c  -fPIC  conftest.cpp >&5
configure:8053: $? = 0
configure:8056: ar cru libconftest.a @conftest.lst >&5
ar: `u' modifier ignored since `D' is the default (see `U')
configure:8059: $? = 0
configure:8064: ar cru libconftest.a @conftest.lst >&5
ar: `u' modifier ignored since `D' is the default (see `U')
ar: conftest.o: No such file or directory
configure:8067: $? = 1
configure:8079: result: @
configure:8137: checking for strip
configure:8153: found /usr/bin/strip
configure:8164: result: strip
configure:8236: checking for ranlib
configure:8252: found /usr/bin/ranlib
configure:8263: result: ranlib
configure:8365: checking command to parse /usr/bin/nm -B output from cc object
configure:8518: c++ -c  -fPIC  conftest.cpp >&5
configure:8521: $? = 0
configure:8525: /usr/bin/nm -B conftest.o \| sed -n -e 's/^.*[ ]\([ABCDGIRSTW][ABCDGIRSTW]*\)[ ][ ]*\([_A-Za-z][_A-Za-z0-9]*\)$/\1 \2 \2/p' | sed '/ __gnu_lto/d' \> conftest.nm
configure:8528: $? = 0
configure:8594: c++ -o conftest  -fPIC   conftest.cpp conftstm.o >&5
configure:8597: $? = 0
configure:8635: result: ok
configure:8682: checking for sysroot
configure:8712: result: no
configure:8719: checking for a working dd
configure:8757: result: /bin/dd
configure:8761: checking how to truncate binary pipes
configure:8776: result: /bin/dd bs=4096 count=1
configure:8913: c++ -c  -fPIC  conftest.cpp >&5
configure:8916: $? = 0
configure:9106: checking for mt
configure:9122: found /bin/mt
configure:9133: result: mt
configure:9156: checking if mt is a manifest tool
configure:9162: mt '-?'
configure:9170: result: no
configure:9847: checking how to run the C preprocessor
configure:9878: cc -E  conftest.c
configure:9878: $? = 0
configure:9892: cc -E  conftest.c
conftest.c:18:10: fatal error: 'ac_nonexistent.h' file not found
#include <ac_nonexistent.h>
         ^~~~~~~~~~~~~~~~~~
1 error generated.
configure:9892: $? = 1
configure: failed program was:
| /* confdefs.h */
| #define PACKAGE_NAME "Mesquite"
| #define PACKAGE_TARNAME "mesquite"
| #define PACKAGE_VERSION "2.3.0"
| #define PACKAGE_STRING "Mesquite 2.3.0"
| #define PACKAGE_BUGREPORT ""
| #define PACKAGE_URL ""
| #define PACKAGE "mesquite"
| #define VERSION "2.3.0"
| #define MSQ_VERSION "2.3.0"
| #define MSQ_VERSION_MAJOR 2
| #define MSQ_VERSION_MINOR 3
| #define MSQ_VERSION_PATCH 0
| #define MSQ_VERSION_STRING "Mesquite 2.3.0"
| #define MESQUITE_NS Mesquite2
| #define MESQUITE_NS_ALIAS 1
| /* end confdefs.h.  */
| #include <ac_nonexistent.h>
configure:9917: result: cc -E
configure:9937: cc -E  conftest.c
configure:9937: $? = 0
configure:9951: cc -E  conftest.c
conftest.c:18:10: fatal error: 'ac_nonexistent.h' file not found
#include <ac_nonexistent.h>
         ^~~~~~~~~~~~~~~~~~
1 error generated.
configure:9951: $? = 1
configure: failed program was:
| /* confdefs.h */
| #define PACKAGE_NAME "Mesquite"
| #define PACKAGE_TARNAME "mesquite"
| #define PACKAGE_VERSION "2.3.0"
| #define PACKAGE_STRING "Mesquite 2.3.0"
| #define PACKAGE_BUGREPORT ""
| #define PACKAGE_URL ""
| #define PACKAGE "mesquite"
| #define VERSION "2.3.0"
| #define MSQ_VERSION "2.3.0"
| #define MSQ_VERSION_MAJOR 2
| #define MSQ_VERSION_MINOR 3
| #define MSQ_VERSION_PATCH 0
| #define MSQ_VERSION_STRING "Mesquite 2.3.0"
| #define MESQUITE_NS Mesquite2
| #define MESQUITE_NS_ALIAS 1
| /* end confdefs.h.  */
| #include <ac_nonexistent.h>
configure:9980: checking for ANSI C header files
configure:10000: cc -c  -fPIC  conftest.c >&5
configure:10000: $? = 0
configure:10073: cc -o conftest  -fPIC   conftest.c -lm >&5
configure:10073: $? = 0
configure:10073: ./conftest
configure:10073: $? = 0
configure:10084: result: yes
configure:10097: checking for sys/types.h
configure:10097: cc -c  -fPIC  conftest.c >&5
configure:10097: $? = 0
configure:10097: result: yes
configure:10097: checking for sys/stat.h
configure:10097: cc -c  -fPIC  conftest.c >&5
configure:10097: $? = 0
configure:10097: result: yes
configure:10097: checking for stdlib.h
configure:10097: cc -c  -fPIC  conftest.c >&5
configure:10097: $? = 0
configure:10097: result: yes
configure:10097: checking for string.h
configure:10097: cc -c  -fPIC  conftest.c >&5
configure:10097: $? = 0
configure:10097: result: yes
configure:10097: checking for memory.h
configure:10097: cc -c  -fPIC  conftest.c >&5
configure:10097: $? = 0
configure:10097: result: yes
configure:10097: checking for strings.h
configure:10097: cc -c  -fPIC  conftest.c >&5
configure:10097: $? = 0
configure:10097: result: yes
configure:10097: checking for inttypes.h
configure:10097: cc -c  -fPIC  conftest.c >&5
configure:10097: $? = 0
configure:10097: result: yes
configure:10097: checking for stdint.h
configure:10097: cc -c  -fPIC  conftest.c >&5
configure:10097: $? = 0
configure:10097: result: yes
configure:10097: checking for unistd.h
configure:10097: cc -c  -fPIC  conftest.c >&5
configure:10097: $? = 0
configure:10097: result: yes
configure:10111: checking for dlfcn.h
configure:10111: cc -c  -fPIC  conftest.c >&5
configure:10111: $? = 0
configure:10111: result: yes
configure:10345: checking for objdir
configure:10360: result: .libs
configure:10624: checking if cc supports -fno-rtti -fno-exceptions
configure:10642: cc -c  -fPIC  -fno-rtti -fno-exceptions conftest.c >&5
configure:10646: $? = 0
configure:10659: result: yes
configure:11017: checking for cc option to produce PIC
configure:11024: result: -fPIC -DPIC
configure:11032: checking if cc PIC flag -fPIC -DPIC works
configure:11050: cc -c  -fPIC  -fPIC -DPIC -DPIC conftest.c >&5
configure:11054: $? = 0
configure:11067: result: yes
configure:11096: checking if cc static flag -static works
configure:11124: result: yes
configure:11139: checking if cc supports -c -o file.o
configure:11160: cc -c  -fPIC  -o out/conftest2.o conftest.c >&5
configure:11164: $? = 0
configure:11186: result: yes
configure:11194: checking if cc supports -c -o file.o
configure:11241: result: yes
configure:11274: checking whether the cc linker (/usr/bin/ld -m elf_x86_64) supports shared libraries
configure:12537: result: yes
configure:12574: checking whether -lc should be explicitly linked in
configure:12582: cc -c  -fPIC  conftest.c >&5
configure:12585: $? = 0
configure:12600: cc -shared  -fPIC -DPIC conftest.o  -v -Wl,-soname -Wl,conftest -o conftest 2\>\&1 \| /bin/grep  -lc  \>/dev/null 2\>\&1
configure:12603: $? = 0
configure:12617: result: no
configure:12777: checking dynamic linker characteristics
configure:13358: cc -o conftest  -fPIC   -Wl,-rpath -Wl,/foo conftest.c -lm >&5
configure:13358: $? = 0
configure:13607: result: GNU/Linux ld.so
configure:13729: checking how to hardcode library paths into programs
configure:13754: result: immediate
configure:14302: checking whether stripping libraries is possible
configure:14307: result: yes
configure:14342: checking if libtool supports shared libraries
configure:14344: result: yes
configure:14347: checking whether to build shared libraries
configure:14372: result: yes
configure:14375: checking whether to build static libraries
configure:14379: result: yes
configure:14402: checking how to run the C++ preprocessor
configure:14429: c++ -E  conftest.cpp
configure:14429: $? = 0
configure:14443: c++ -E  conftest.cpp
conftest.cpp:30:10: fatal error: 'ac_nonexistent.h' file not found
#include <ac_nonexistent.h>
         ^~~~~~~~~~~~~~~~~~
1 error generated.
configure:14443: $? = 1
configure: failed program was:
| /* confdefs.h */
| #define PACKAGE_NAME "Mesquite"
| #define PACKAGE_TARNAME "mesquite"
| #define PACKAGE_VERSION "2.3.0"
| #define PACKAGE_STRING "Mesquite 2.3.0"
| #define PACKAGE_BUGREPORT ""
| #define PACKAGE_URL ""
| #define PACKAGE "mesquite"
| #define VERSION "2.3.0"
| #define MSQ_VERSION "2.3.0"
| #define MSQ_VERSION_MAJOR 2
| #define MSQ_VERSION_MINOR 3
| #define MSQ_VERSION_PATCH 0
| #define MSQ_VERSION_STRING "Mesquite 2.3.0"
| #define MESQUITE_NS Mesquite2
| #define MESQUITE_NS_ALIAS 1
| #define STDC_HEADERS 1
| #define HAVE_SYS_TYPES_H 1
| #define HAVE_SYS_STAT_H 1
| #define HAVE_STDLIB_H 1
| #define HAVE_STRING_H 1
| #define HAVE_MEMORY_H 1
| #define HAVE_STRINGS_H 1
| #define HAVE_INTTYPES_H 1
| #define HAVE_STDINT_H 1
| #define HAVE_UNISTD_H 1
| #define HAVE_DLFCN_H 1
| #define LT_OBJDIR ".libs/"
| /* end confdefs.h.  */
| #include <ac_nonexistent.h>
configure:14468: result: c++ -E
configure:14488: c++ -E  conftest.cpp
configure:14488: $? = 0
configure:14502: c++ -E  conftest.cpp
conftest.cpp:30:10: fatal error: 'ac_nonexistent.h' file not found
#include <ac_nonexistent.h>
         ^~~~~~~~~~~~~~~~~~
1 error generated.
configure:14502: $? = 1
configure: failed program was:
| /* confdefs.h */
| #define PACKAGE_NAME "Mesquite"
| #define PACKAGE_TARNAME "mesquite"
| #define PACKAGE_VERSION "2.3.0"
| #define PACKAGE_STRING "Mesquite 2.3.0"
| #define PACKAGE_BUGREPORT ""
| #define PACKAGE_URL ""
| #define PACKAGE "mesquite"
| #define VERSION "2.3.0"
| #define MSQ_VERSION "2.3.0"
| #define MSQ_VERSION_MAJOR 2
| #define MSQ_VERSION_MINOR 3
| #define MSQ_VERSION_PATCH 0
| #define MSQ_VERSION_STRING "Mesquite 2.3.0"
| #define MESQUITE_NS Mesquite2
| #define MESQUITE_NS_ALIAS 1
| #define STDC_HEADERS 1
| #define HAVE_SYS_TYPES_H 1
| #define HAVE_SYS_STAT_H 1
| #define HAVE_STDLIB_H 1
| #define HAVE_STRING_H 1
| #define HAVE_MEMORY_H 1
| #define HAVE_STRINGS_H 1
| #define HAVE_INTTYPES_H 1
| #define HAVE_STDINT_H 1
| #define HAVE_UNISTD_H 1
| #define HAVE_DLFCN_H 1
| #define LT_OBJDIR ".libs/"
| /* end confdefs.h.  */
| #include <ac_nonexistent.h>
configure:14664: checking for ld used by c++
configure:14731: result: /usr/bin/ld -m elf_x86_64
configure:14738: checking if the linker (/usr/bin/ld -m elf_x86_64) is GNU ld
configure:14753: result: yes
configure:14808: checking whether the c++ linker (/usr/bin/ld -m elf_x86_64) supports shared libraries
configure:15881: result: yes
configure:15917: c++ -c  -fPIC  conftest.cpp >&5
configure:15920: $? = 0
configure:16401: checking for c++ option to produce PIC
configure:16408: result: -fPIC -DPIC
configure:16416: checking if c++ PIC flag -fPIC -DPIC works
configure:16434: c++ -c  -fPIC  -fPIC -DPIC -DPIC conftest.cpp >&5
configure:16438: $? = 0
configure:16451: result: yes
configure:16474: checking if c++ static flag -static works
configure:16502: result: yes
configure:16514: checking if c++ supports -c -o file.o
configure:16535: c++ -c  -fPIC  -o out/conftest2.o conftest.cpp >&5
configure:16539: $? = 0
configure:16561: result: yes
configure:16566: checking if c++ supports -c -o file.o
configure:16613: result: yes
configure:16643: checking whether the c++ linker (/usr/bin/ld -m elf_x86_64) supports shared libraries
configure:16686: result: yes
configure:16827: checking dynamic linker characteristics
configure:17584: result: GNU/Linux ld.so
configure:17649: checking how to hardcode library paths into programs
configure:17674: result: immediate
configure:17829: checking for doxygen
configure:17860: result: no
configure:17873: checking for latex
configure:17904: result: no
configure:17917: checking for bibtex
configure:17948: result: no
configure:17961: checking for ps2pdf
configure:17979: found /usr/bin/ps2pdf
configure:17992: result: /usr/bin/ps2pdf
configure:18005: checking for dvips
configure:18036: result: no
configure:18049: checking for dot
configure:18080: result: no
configure:18297: checking for ANSI C header files
configure:18401: result: yes
configure:18412: checking fcntl.h usability
configure:18412: c++ -c  -fPIC  conftest.cpp >&5
configure:18412: $? = 0
configure:18412: result: yes
configure:18412: checking fcntl.h presence
configure:18412: c++ -E  conftest.cpp
configure:18412: $? = 0
configure:18412: result: yes
configure:18412: checking for fcntl.h
configure:18412: result: yes
configure:18412: checking for strings.h
configure:18412: result: yes
configure:18412: checking sys/file.h usability
configure:18412: c++ -c  -fPIC  conftest.cpp >&5
configure:18412: $? = 0
configure:18412: result: yes
configure:18412: checking sys/file.h presence
configure:18412: c++ -E  conftest.cpp
configure:18412: $? = 0
configure:18412: result: yes
configure:18412: checking for sys/file.h
configure:18412: result: yes
configure:18412: checking sys/time.h usability
configure:18412: c++ -c  -fPIC  conftest.cpp >&5
configure:18412: $? = 0
configure:18412: result: yes
configure:18412: checking sys/time.h presence
configure:18412: c++ -E  conftest.cpp
configure:18412: $? = 0
configure:18412: result: yes
configure:18412: checking for sys/time.h
configure:18412: result: yes
configure:18412: checking for unistd.h
configure:18412: result: yes
configure:18422: checking ieeefp.h usability
configure:18422: c++ -c  -fPIC  conftest.cpp >&5
conftest.cpp:69:10: fatal error: 'ieeefp.h' file not found
#include <ieeefp.h>
         ^~~~~~~~~~
1 error generated.
configure:18422: $? = 1
configure: failed program was:
| /* confdefs.h */
| #define PACKAGE_NAME "Mesquite"
| #define PACKAGE_TARNAME "mesquite"
| #define PACKAGE_VERSION "2.3.0"
| #define PACKAGE_STRING "Mesquite 2.3.0"
| #define PACKAGE_BUGREPORT ""
| #define PACKAGE_URL ""
| #define PACKAGE "mesquite"
| #define VERSION "2.3.0"
| #define MSQ_VERSION "2.3.0"
| #define MSQ_VERSION_MAJOR 2
| #define MSQ_VERSION_MINOR 3
| #define MSQ_VERSION_PATCH 0
| #define MSQ_VERSION_STRING "Mesquite 2.3.0"
| #define MESQUITE_NS Mesquite2
| #define MESQUITE_NS_ALIAS 1
| #define STDC_HEADERS 1
| #define HAVE_SYS_TYPES_H 1
| #define HAVE_SYS_STAT_H 1
| #define HAVE_STDLIB_H 1
| #define HAVE_STRING_H 1
| #define HAVE_MEMORY_H 1
| #define HAVE_STRINGS_H 1
| #define HAVE_INTTYPES_H 1
| #define HAVE_STDINT_H 1
| #define HAVE_UNISTD_H 1
| #define HAVE_DLFCN_H 1
| #define LT_OBJDIR ".libs/"
| #define STDC_HEADERS 1
| #define HAVE_FCNTL_H 1
| #define HAVE_STRINGS_H 1
| #define HAVE_SYS_FILE_H 1
| #define HAVE_SYS_TIME_H 1
| #define HAVE_UNISTD_H 1
| /* end confdefs.h.  */
| #include <stdio.h>
| #ifdef HAVE_SYS_TYPES_H
| # include <sys/types.h>
| #endif
| #ifdef HAVE_SYS_STAT_H
| # include <sys/stat.h>
| #endif
| #ifdef STDC_HEADERS
| # include <stdlib.h>
| # include <stddef.h>
| #else
| # ifdef HAVE_STDLIB_H
| #  include <stdlib.h>
| # endif
| #endif
| #ifdef HAVE_STRING_H
| # if !defined STDC_HEADERS && defined HAVE_MEMORY_H
| #  include <memory.h>
| # endif
| # include <string.h>
| #endif
| #ifdef HAVE_STRINGS_H
| # include <strings.h>
| #endif
| #ifdef HAVE_INTTYPES_H
| # include <inttypes.h>
| #endif
| #ifdef HAVE_STDINT_H
| # include <stdint.h>
| #endif
| #ifdef HAVE_UNISTD_H
| # include <unistd.h>
| #endif
| #include <ieeefp.h>
configure:18422: result: no
configure:18422: checking ieeefp.h presence
configure:18422: c++ -E  conftest.cpp
conftest.cpp:36:10: fatal error: 'ieeefp.h' file not found
#include <ieeefp.h>
         ^~~~~~~~~~
1 error generated.
configure:18422: $? = 1
configure: failed program was:
| /* confdefs.h */
| #define PACKAGE_NAME "Mesquite"
| #define PACKAGE_TARNAME "mesquite"
| #define PACKAGE_VERSION "2.3.0"
| #define PACKAGE_STRING "Mesquite 2.3.0"
| #define PACKAGE_BUGREPORT ""
| #define PACKAGE_URL ""
| #define PACKAGE "mesquite"
| #define VERSION "2.3.0"
| #define MSQ_VERSION "2.3.0"
| #define MSQ_VERSION_MAJOR 2
| #define MSQ_VERSION_MINOR 3
| #define MSQ_VERSION_PATCH 0
| #define MSQ_VERSION_STRING "Mesquite 2.3.0"
| #define MESQUITE_NS Mesquite2
| #define MESQUITE_NS_ALIAS 1
| #define STDC_HEADERS 1
| #define HAVE_SYS_TYPES_H 1
| #define HAVE_SYS_STAT_H 1
| #define HAVE_STDLIB_H 1
| #define HAVE_STRING_H 1
| #define HAVE_MEMORY_H 1
| #define HAVE_STRINGS_H 1
| #define HAVE_INTTYPES_H 1
| #define HAVE_STDINT_H 1
| #define HAVE_UNISTD_H 1
| #define HAVE_DLFCN_H 1
| #define LT_OBJDIR ".libs/"
| #define STDC_HEADERS 1
| #define HAVE_FCNTL_H 1
| #define HAVE_STRINGS_H 1
| #define HAVE_SYS_FILE_H 1
| #define HAVE_SYS_TIME_H 1
| #define HAVE_UNISTD_H 1
| /* end confdefs.h.  */
| #include <ieeefp.h>
configure:18422: result: no
configure:18422: checking for ieeefp.h
configure:18422: result: no
configure:18430: checking for stdint.h
configure:18430: result: yes
configure:18438: checking for inttypes.h
configure:18438: result: yes
configure:18446: checking termios.h usability
configure:18446: c++ -c  -fPIC  conftest.cpp >&5
configure:18446: $? = 0
configure:18446: result: yes
configure:18446: checking termios.h presence
configure:18446: c++ -E  conftest.cpp
configure:18446: $? = 0
configure:18446: result: yes
configure:18446: checking for termios.h
configure:18446: result: yes
configure:18452: checking sys/ioctl.h usability
configure:18452: c++ -c  -fPIC  conftest.cpp >&5
configure:18452: $? = 0
configure:18452: result: yes
configure:18452: checking sys/ioctl.h presence
configure:18452: c++ -E  conftest.cpp
configure:18452: $? = 0
configure:18452: result: yes
configure:18452: checking for sys/ioctl.h
configure:18452: result: yes
configure:18464: checking for vsnprintf
configure:18464: c++ -o conftest  -fPIC   conftest.cpp -lm >&5
configure:18464: $? = 0
configure:18464: result: yes
configure:18475: checking for vsprintf
configure:18475: c++ -o conftest  -fPIC   conftest.cpp -lm >&5
configure:18475: $? = 0
configure:18475: result: yes
configure:18486: checking for clock
configure:18486: c++ -o conftest  -fPIC   conftest.cpp -lm >&5
configure:18486: $? = 0
configure:18486: result: yes
configure:18497: checking for times
configure:18497: c++ -o conftest  -fPIC   conftest.cpp -lm >&5
configure:18497: $? = 0
configure:18497: result: yes
configure:18508: checking for cbrt
configure:18508: c++ -o conftest  -fPIC   conftest.cpp -lm >&5
configure:18508: $? = 0
configure:18508: result: yes
configure:18528: checking for fpsetmask 
configure:18541: c++ -c  -fPIC  conftest.cpp >&5
conftest.cpp:43:10: fatal error: 'ieeefp.h' file not found
#include <ieeefp.h>
         ^~~~~~~~~~
1 error generated.
configure:18541: $? = 1
configure: failed program was:
| /* confdefs.h */
| #define PACKAGE_NAME "Mesquite"
| #define PACKAGE_TARNAME "mesquite"
| #define PACKAGE_VERSION "2.3.0"
| #define PACKAGE_STRING "Mesquite 2.3.0"
| #define PACKAGE_BUGREPORT ""
| #define PACKAGE_URL ""
| #define PACKAGE "mesquite"
| #define VERSION "2.3.0"
| #define MSQ_VERSION "2.3.0"
| #define MSQ_VERSION_MAJOR 2
| #define MSQ_VERSION_MINOR 3
| #define MSQ_VERSION_PATCH 0
| #define MSQ_VERSION_STRING "Mesquite 2.3.0"
| #define MESQUITE_NS Mesquite2
| #define MESQUITE_NS_ALIAS 1
| #define STDC_HEADERS 1
| #define HAVE_SYS_TYPES_H 1
| #define HAVE_SYS_STAT_H 1
| #define HAVE_STDLIB_H 1
| #define HAVE_STRING_H 1
| #define HAVE_MEMORY_H 1
| #define HAVE_STRINGS_H 1
| #define HAVE_INTTYPES_H 1
| #define HAVE_STDINT_H 1
| #define HAVE_UNISTD_H 1
| #define HAVE_DLFCN_H 1
| #define LT_OBJDIR ".libs/"
| #define STDC_HEADERS 1
| #define HAVE_FCNTL_H 1
| #define HAVE_STRINGS_H 1
| #define HAVE_SYS_FILE_H 1
| #define HAVE_SYS_TIME_H 1
| #define HAVE_UNISTD_H 1
| #define MSQ_HAVE_STDINT_H 1
| #define MSQ_HAVE_INTTYPES_H 1
| #define HAVE_VSNPRINTF 1
| #define HAVE_VSPRINTF 1
| #define HAVE_CLOCK 1
| #define HAVE_TIMES 1
| #define HAVE_CBRT 1
| /* end confdefs.h.  */
| #include <ieeefp.h>
| int
| main ()
| {
| fpsetmask(FP_X_INV|FP_X_OFL|FP_X_DZ);
|   ;
|   return 0;
| }
configure:18546: result: no
configure:18550: checking for feenableexcept 
configure:18564: c++ -c  -fPIC  conftest.cpp >&5
conftest.cpp:43:9: warning: '_GNU_SOURCE' macro redefined [-Wmacro-redefined]
#define _GNU_SOURCE
        ^
<built-in>:383:9: note: previous definition is here
#define _GNU_SOURCE 1
        ^
1 warning generated.
configure:18564: $? = 0
configure:18566: result: yes
configure:18584: checking for function-name preprocessor macro
configure:18608: c++ -c  -fPIC  conftest.cpp >&5
configure:18608: $? = 0
configure:18626: result: __PRETTY_FUNCTION__
configure:18646: checking for fd() in std::basic_file 
configure:18659: c++ -c  -fPIC  conftest.cpp >&5
conftest.cpp:48:54: error: no member named 'fd' in 'std::basic_filebuf<char>'
using namespace std; ofstream f; int fd = f.rdbuf()->fd();
                                          ~~~~~~~~~  ^
1 error generated.
configure:18659: $? = 1
configure: failed program was:
| /* confdefs.h */
| #define PACKAGE_NAME "Mesquite"
| #define PACKAGE_TARNAME "mesquite"
| #define PACKAGE_VERSION "2.3.0"
| #define PACKAGE_STRING "Mesquite 2.3.0"
| #define PACKAGE_BUGREPORT ""
| #define PACKAGE_URL ""
| #define PACKAGE "mesquite"
| #define VERSION "2.3.0"
| #define MSQ_VERSION "2.3.0"
| #define MSQ_VERSION_MAJOR 2
| #define MSQ_VERSION_MINOR 3
| #define MSQ_VERSION_PATCH 0
| #define MSQ_VERSION_STRING "Mesquite 2.3.0"
| #define MESQUITE_NS Mesquite2
| #define MESQUITE_NS_ALIAS 1
| #define STDC_HEADERS 1
| #define HAVE_SYS_TYPES_H 1
| #define HAVE_SYS_STAT_H 1
| #define HAVE_STDLIB_H 1
| #define HAVE_STRING_H 1
| #define HAVE_MEMORY_H 1
| #define HAVE_STRINGS_H 1
| #define HAVE_INTTYPES_H 1
| #define HAVE_STDINT_H 1
| #define HAVE_UNISTD_H 1
| #define HAVE_DLFCN_H 1
| #define LT_OBJDIR ".libs/"
| #define STDC_HEADERS 1
| #define HAVE_FCNTL_H 1
| #define HAVE_STRINGS_H 1
| #define HAVE_SYS_FILE_H 1
| #define HAVE_SYS_TIME_H 1
| #define HAVE_UNISTD_H 1
| #define MSQ_HAVE_STDINT_H 1
| #define MSQ_HAVE_INTTYPES_H 1
| #define HAVE_VSNPRINTF 1
| #define HAVE_VSPRINTF 1
| #define HAVE_CLOCK 1
| #define HAVE_TIMES 1
| #define HAVE_CBRT 1
| #define MSQ_FUNCTION __PRETTY_FUNCTION__
| /* end confdefs.h.  */
| #include <fstream>
| int
| main ()
| {
| using namespace std; ofstream f; int fd = f.rdbuf()->fd();
|   ;
|   return 0;
| }
configure:18663: result: no
configure:18880: checking for dlopen in -ldl
configure:18905: c++ -o conftest  -fPIC   conftest.cpp -ldl  -lm >&5
configure:18905: $? = 0
configure:18914: result: yes
configure:18926: checking cppunit/Test.h usability
configure:18926: c++ -c  -fPIC  conftest.cpp >&5
conftest.cpp:77:10: fatal error: 'cppunit/Test.h' file not found
#include <cppunit/Test.h>
         ^~~~~~~~~~~~~~~~
1 error generated.
configure:18926: $? = 1
configure: failed program was:
| /* confdefs.h */
| #define PACKAGE_NAME "Mesquite"
| #define PACKAGE_TARNAME "mesquite"
| #define PACKAGE_VERSION "2.3.0"
| #define PACKAGE_STRING "Mesquite 2.3.0"
| #define PACKAGE_BUGREPORT ""
| #define PACKAGE_URL ""
| #define PACKAGE "mesquite"
| #define VERSION "2.3.0"
| #define MSQ_VERSION "2.3.0"
| #define MSQ_VERSION_MAJOR 2
| #define MSQ_VERSION_MINOR 3
| #define MSQ_VERSION_PATCH 0
| #define MSQ_VERSION_STRING "Mesquite 2.3.0"
| #define MESQUITE_NS Mesquite2
| #define MESQUITE_NS_ALIAS 1
| #define STDC_HEADERS 1
| #define HAVE_SYS_TYPES_H 1
| #define HAVE_SYS_STAT_H 1
| #define HAVE_STDLIB_H 1
| #define HAVE_STRING_H 1
| #define HAVE_MEMORY_H 1
| #define HAVE_STRINGS_H 1
| #define HAVE_INTTYPES_H 1
| #define HAVE_STDINT_H 1
| #define HAVE_UNISTD_H 1
| #define HAVE_DLFCN_H 1
| #define LT_OBJDIR ".libs/"
| #define STDC_HEADERS 1
| #define HAVE_FCNTL_H 1
| #define HAVE_STRINGS_H 1
| #define HAVE_SYS_FILE_H 1
| #define HAVE_SYS_TIME_H 1
| #define HAVE_UNISTD_H 1
| #define MSQ_HAVE_STDINT_H 1
| #define MSQ_HAVE_INTTYPES_H 1
| #define HAVE_VSNPRINTF 1
| #define HAVE_VSPRINTF 1
| #define HAVE_CLOCK 1
| #define HAVE_TIMES 1
| #define HAVE_CBRT 1
| #define MSQ_FUNCTION __PRETTY_FUNCTION__
| /* end confdefs.h.  */
| #include <stdio.h>
| #ifdef HAVE_SYS_TYPES_H
| # include <sys/types.h>
| #endif
| #ifdef HAVE_SYS_STAT_H
| # include <sys/stat.h>
| #endif
| #ifdef STDC_HEADERS
| # include <stdlib.h>
| # include <stddef.h>
| #else
| # ifdef HAVE_STDLIB_H
| #  include <stdlib.h>
| # endif
| #endif
| #ifdef HAVE_STRING_H
| # if !defined STDC_HEADERS && defined HAVE_MEMORY_H
| #  include <memory.h>
| # endif
| # include <string.h>
| #endif
| #ifdef HAVE_STRINGS_H
| # include <strings.h>
| #endif
| #ifdef HAVE_INTTYPES_H
| # include <inttypes.h>
| #endif
| #ifdef HAVE_STDINT_H
| # include <stdint.h>
| #endif
| #ifdef HAVE_UNISTD_H
| # include <unistd.h>
| #endif
| #include <cppunit/Test.h>
configure:18926: result: no
configure:18926: checking cppunit/Test.h presence
configure:18926: c++ -E  conftest.cpp
conftest.cpp:44:10: fatal error: 'cppunit/Test.h' file not found
#include <cppunit/Test.h>
         ^~~~~~~~~~~~~~~~
1 error generated.
configure:18926: $? = 1
configure: failed program was:
| /* confdefs.h */
| #define PACKAGE_NAME "Mesquite"
| #define PACKAGE_TARNAME "mesquite"
| #define PACKAGE_VERSION "2.3.0"
| #define PACKAGE_STRING "Mesquite 2.3.0"
| #define PACKAGE_BUGREPORT ""
| #define PACKAGE_URL ""
| #define PACKAGE "mesquite"
| #define VERSION "2.3.0"
| #define MSQ_VERSION "2.3.0"
| #define MSQ_VERSION_MAJOR 2
| #define MSQ_VERSION_MINOR 3
| #define MSQ_VERSION_PATCH 0
| #define MSQ_VERSION_STRING "Mesquite 2.3.0"
| #define MESQUITE_NS Mesquite2
| #define MESQUITE_NS_ALIAS 1
| #define STDC_HEADERS 1
| #define HAVE_SYS_TYPES_H 1
| #define HAVE_SYS_STAT_H 1
| #define HAVE_STDLIB_H 1
| #define HAVE_STRING_H 1
| #define HAVE_MEMORY_H 1
| #define HAVE_STRINGS_H 1
| #define HAVE_INTTYPES_H 1
| #define HAVE_STDINT_H 1
| #define HAVE_UNISTD_H 1
| #define HAVE_DLFCN_H 1
| #define LT_OBJDIR ".libs/"
| #define STDC_HEADERS 1
| #define HAVE_FCNTL_H 1
| #define HAVE_STRINGS_H 1
| #define HAVE_SYS_FILE_H 1
| #define HAVE_SYS_TIME_H 1
| #define HAVE_UNISTD_H 1
| #define MSQ_HAVE_STDINT_H 1
| #define MSQ_HAVE_INTTYPES_H 1
| #define HAVE_VSNPRINTF 1
| #define HAVE_VSPRINTF 1
| #define HAVE_CLOCK 1
| #define HAVE_TIMES 1
| #define HAVE_CBRT 1
| #define MSQ_FUNCTION __PRETTY_FUNCTION__
| /* end confdefs.h.  */
| #include <cppunit/Test.h>
configure:18926: result: no
configure:18926: checking for cppunit/Test.h
configure:18926: result: no
configure:18934: checking for main in -lcppunit
configure:18953: c++ -o conftest  -fPIC   -ldl conftest.cpp -lcppunit  -lm >&5
/usr/bin/ld: cannot find -lcppunit
clang: error: linker command failed with exit code 1 (use -v to see invocation)
configure:18953: $? = 1
configure: failed program was:
| /* confdefs.h */
| #define PACKAGE_NAME "Mesquite"
| #define PACKAGE_TARNAME "mesquite"
| #define PACKAGE_VERSION "2.3.0"
| #define PACKAGE_STRING "Mesquite 2.3.0"
| #define PACKAGE_BUGREPORT ""
| #define PACKAGE_URL ""
| #define PACKAGE "mesquite"
| #define VERSION "2.3.0"
| #define MSQ_VERSION "2.3.0"
| #define MSQ_VERSION_MAJOR 2
| #define MSQ_VERSION_MINOR 3
| #define MSQ_VERSION_PATCH 0
| #define MSQ_VERSION_STRING "Mesquite 2.3.0"
| #define MESQUITE_NS Mesquite2
| #define MESQUITE_NS_ALIAS 1
| #define STDC_HEADERS 1
| #define HAVE_SYS_TYPES_H 1
| #define HAVE_SYS_STAT_H 1
| #define HAVE_STDLIB_H 1
| #define HAVE_STRING_H 1
| #define HAVE_MEMORY_H 1
| #define HAVE_STRINGS_H 1
| #define HAVE_INTTYPES_H 1
| #define HAVE_STDINT_H 1
| #define HAVE_UNISTD_H 1
| #define HAVE_DLFCN_H 1
| #define LT_OBJDIR ".libs/"
| #define STDC_HEADERS 1
| #define HAVE_FCNTL_H 1
| #define HAVE_STRINGS_H 1
| #define HAVE_SYS_FILE_H 1
| #define HAVE_SYS_TIME_H 1
| #define HAVE_UNISTD_H 1
| #define MSQ_HAVE_STDINT_H 1
| #define MSQ_HAVE_INTTYPES_H 1
| #define HAVE_VSNPRINTF 1
| #define HAVE_VSPRINTF 1
| #define HAVE_CLOCK 1
| #define HAVE_TIMES 1
| #define HAVE_CBRT 1
| #define MSQ_FUNCTION __PRETTY_FUNCTION__
| /* end confdefs.h.  */
| 
| 
| int
| main ()
| {
| return main ();
|   ;
|   return 0;
| }
configure:18962: result: no
configure:20259: checking that generated files are newer than configure
configure:20265: result: done
configure:20348: creating ./config.status

## ---------------------- ##
## Running config.status. ##
## ---------------------- ##

This file was extended by Mesquite config.status 2.3.0, which was
generated by GNU Autoconf 2.69.  Invocation command line was

  CONFIG_FILES    = 
  CONFIG_HEADERS  = 
  CONFIG_LINKS    = 
  CONFIG_COMMANDS = 
  $ ./config.status 

on coffeemachine

config.status:1297: creating Makefile
config.status:1297: creating src/Makefile
config.status:1297: creating itaps/Makefile
config.status:1297: creating meshFiles/Makefile
config.status:1297: creating testSuite/Makefile
config.status:1297: creating testSuite/meshfiles.h
config.status:1297: creating testSuite/ActiveSetTest/Makefile
config.status:1297: creating testSuite/algorithm_test/Makefile
config.status:1297: creating testSuite/analytical_grad_3D/Makefile
config.status:1297: creating testSuite/convert/Makefile
config.status:1297: creating testSuite/benchmark_tests/Makefile
config.status:1297: creating testSuite/paraboloid_domain_test/Makefile
config.status:1297: creating testSuite/headers/Makefile
config.status:1297: creating testSuite/idft_time/Makefile
config.status:1297: creating testSuite/igeom/Makefile
config.status:1297: creating testSuite/imesh/Makefile
config.status:1297: creating testSuite/jacobi/Makefile
config.status:1297: creating testSuite/laplacian_test/Makefile
config.status:1297: creating testSuite/laplacian_polygon_test/Makefile
config.status:1297: creating testSuite/nongradient_test/Makefile
config.status:1297: creating testSuite/pyramid/Makefile
config.status:1297: creating testSuite/simple_hybrid_test/Makefile
config.status:1297: creating testSuite/test_1/Makefile
config.status:1297: creating testSuite/transform/Makefile
config.status:1297: creating testSuite/tutorial/Makefile
config.status:1297: creating testSuite/tutorial/tutorial.make
config.status:1297: creating testSuite/unit/Makefile
config.status:1297: creating testSuite/untangle_test/Makefile
config.status:1297: creating testSuite/parallel_untangle_shape/Makefile
config.status:1297: creating testSuite/parallel_smooth_laplace/Makefile
config.status:1297: creating testSuite/wedge/Makefile
config.status:1297: creating testSuite/wrapper_tests/Makefile
config.status:1297: creating testSuite/2d_target/Makefile
config.status:1297: creating testSuite/2d_metrics/Makefile
config.status:1297: creating testSuite/2d_formulation/Makefile
config.status:1297: creating testSuite/synchronous/Makefile
config.status:1297: creating testSuite/high_aspect_ratio/Makefile
config.status:1297: creating testSuite/higher_order/Makefile
config.status:1297: creating testSuite/slaved/Makefile
config.status:1297: creating utils/Makefile
config.status:1297: creating doc/Makefile
config.status:1297: creating doc/user/Makefile
config.status:1297: creating doc/user/config.tex
config.status:1297: creating doc/user/doxygen/Makefile
config.status:1297: creating doc/user/doxygen/Mesquite-user.dox
config.status:1297: creating src/include/junk_config.h
config.status:1297: creating src/include/mesquite_config.h
config.status:1478: src/include/mesquite_config.h is unchanged
config.status:1297: creating src/include/mesquite_version.h
config.status:1478: src/include/mesquite_version.h is unchanged
config.status:1526: executing depfiles commands
config.status:1526: executing libtool commands
config.status:1526: executing junk_config.h commands

## ---------------- ##
## Cache variables. ##
## ---------------- ##

ac_cv_build=x86_64-pc-linux-gnu
ac_cv_c_compiler_gnu=yes
ac_cv_cxx_compiler_gnu=yes
ac_cv_env_BIBTEX_set=
ac_cv_env_BIBTEX_value=
ac_cv_env_CCC_set=
ac_cv_env_CCC_value=
ac_cv_env_CC_set=
ac_cv_env_CC_value=
ac_cv_env_CFLAGS_set=set
ac_cv_env_CFLAGS_value=' -fPIC'
ac_cv_env_CPPFLAGS_set=
ac_cv_env_CPPFLAGS_value=
ac_cv_env_CPP_set=
ac_cv_env_CPP_value=
ac_cv_env_CXXCPP_set=
ac_cv_env_CXXCPP_value=
ac_cv_env_CXXFLAGS_set=set
ac_cv_env_CXXFLAGS_value=' -fPIC'
ac_cv_env_CXX_set=
ac_cv_env_CXX_value=
ac_cv_env_DOT_set=
ac_cv_env_DOT_value=
ac_cv_env_DOXYGEN_set=
ac_cv_env_DOXYGEN_value=
ac_cv_env_DVIPS_set=
ac_cv_env_DVIPS_value=
ac_cv_env_IGEOM_DEFS_set=
ac_cv_env_IGEOM_DEFS_value=
ac_cv_env_IMESHP_DEFS_set=
ac_cv_env_IMESHP_DEFS_value=
ac_cv_env_IMESH_DEFS_set=
ac_cv_env_IMESH_DEFS_value=
ac_cv_env_IREL_DEFS_set=
ac_cv_env_IREL_DEFS_value=
ac_cv_env_LATEX_set=
ac_cv_env_LATEX_value=
ac_cv_env_LDFLAGS_set=
ac_cv_env_LDFLAGS_value=
ac_cv_env_LIBS_set=
ac_cv_env_LIBS_value=
ac_cv_env_LT_SYS_LIBRARY_PATH_set=
ac_cv_env_LT_SYS_LIBRARY_PATH_value=
ac_cv_env_PS2PDF_set=
ac_cv_env_PS2PDF_value=
ac_cv_env_build_alias_set=
ac_cv_env_build_alias_value=
ac_cv_env_host_alias_set=
ac_cv_env_host_alias_value=
ac_cv_env_target_alias_set=
ac_cv_env_target_alias_value=
ac_cv_func_cbrt=yes
ac_cv_func_clock=yes
ac_cv_func_times=yes
ac_cv_func_vsnprintf=yes
ac_cv_func_vsprintf=yes
ac_cv_header_cppunit_Test_h=no
ac_cv_header_dlfcn_h=yes
ac_cv_header_fcntl_h=yes
ac_cv_header_ieeefp_h=no
ac_cv_header_inttypes_h=yes
ac_cv_header_memory_h=yes
ac_cv_header_stdc=yes
ac_cv_header_stdint_h=yes
ac_cv_header_stdlib_h=yes
ac_cv_header_string_h=yes
ac_cv_header_strings_h=yes
ac_cv_header_sys_file_h=yes
ac_cv_header_sys_ioctl_h=yes
ac_cv_header_sys_stat_h=yes
ac_cv_header_sys_time_h=yes
ac_cv_header_sys_types_h=yes
ac_cv_header_termios_h=yes
ac_cv_header_unistd_h=yes
ac_cv_host=x86_64-pc-linux-gnu
ac_cv_lib_cppunit_main=no
ac_cv_lib_dl_dlopen=yes
ac_cv_objext=o
ac_cv_path_BIBTEX=no
ac_cv_path_DOT=no
ac_cv_path_DOXYGEN=no
ac_cv_path_DVIPS=no
ac_cv_path_EGREP='/bin/grep -E'
ac_cv_path_FGREP='/bin/grep -F'
ac_cv_path_GREP=/bin/grep
ac_cv_path_LATEX=no
ac_cv_path_PS2PDF=/usr/bin/ps2pdf
ac_cv_path_SED=/bin/sed
ac_cv_path_install='/usr/bin/install -c'
ac_cv_path_lt_DD=/bin/dd
ac_cv_path_mkdir=/bin/mkdir
ac_cv_prog_AWK=gawk
ac_cv_prog_CPP='cc -E'
ac_cv_prog_CXXCPP='c++ -E'
ac_cv_prog_ac_ct_AR=ar
ac_cv_prog_ac_ct_CC=cc
ac_cv_prog_ac_ct_CXX=c++
ac_cv_prog_ac_ct_DLLTOOL=dlltool
ac_cv_prog_ac_ct_MANIFEST_TOOL=mt
ac_cv_prog_ac_ct_OBJDUMP=objdump
ac_cv_prog_ac_ct_RANLIB=ranlib
ac_cv_prog_ac_ct_STRIP=strip
ac_cv_prog_cc_c89=
ac_cv_prog_cc_g=yes
ac_cv_prog_cxx_g=yes
ac_cv_prog_make_make_set=yes
ac_cv_target=x86_64-pc-linux-gnu
am_cv_CC_dependencies_compiler_type=gcc3
am_cv_CXX_dependencies_compiler_type=gcc3
am_cv_make_support_nested_variables=yes
am_cv_prog_cc_c_o=yes
lt_cv_ar_at_file=@
lt_cv_archive_cmds_need_lc=no
lt_cv_deplibs_check_method=pass_all
lt_cv_file_magic_cmd='$MAGIC_CMD'
lt_cv_file_magic_test_file=
lt_cv_ld_reload_flag=-r
lt_cv_nm_interface='BSD nm'
lt_cv_objdir=.libs
lt_cv_path_LD=/usr/bin/ld
lt_cv_path_LDCXX='/usr/bin/ld -m elf_x86_64'
lt_cv_path_NM='/usr/bin/nm -B'
lt_cv_path_mainfest_tool=no
lt_cv_prog_compiler_c_o=yes
lt_cv_prog_compiler_c_o_CXX=yes
lt_cv_prog_compiler_pic='-fPIC -DPIC'
lt_cv_prog_compiler_pic_CXX='-fPIC -DPIC'
lt_cv_prog_compiler_pic_works=yes
lt_cv_prog_compiler_pic_works_CXX=yes
lt_cv_prog_compiler_rtti_exceptions=yes
lt_cv_prog_compiler_static_works=yes
lt_cv_prog_compiler_static_works_CXX=yes
lt_cv_prog_gnu_ld=yes
lt_cv_prog_gnu_ldcxx=yes
lt_cv_sharedlib_from_linklib_cmd='printf %s\n'
lt_cv_shlibpath_overrides_runpath=yes
lt_cv_sys_global_symbol_pipe='sed -n -e '\''s/^.*[	 ]\([ABCDGIRSTW][ABCDGIRSTW]*\)[	 ][	 ]*\([_A-Za-z][_A-Za-z0-9]*\)$/\1 \2 \2/p'\'' | sed '\''/ __gnu_lto/d'\'''
lt_cv_sys_global_symbol_to_c_name_address='sed -n -e '\''s/^: \(.*\) .*$/  {"\1", (void *) 0},/p'\'' -e '\''s/^[ABCDGIRSTW][ABCDGIRSTW]* .* \(.*\)$/  {"\1", (void *) \&\1},/p'\'''
lt_cv_sys_global_symbol_to_c_name_address_lib_prefix='sed -n -e '\''s/^: \(.*\) .*$/  {"\1", (void *) 0},/p'\'' -e '\''s/^[ABCDGIRSTW][ABCDGIRSTW]* .* \(lib.*\)$/  {"\1", (void *) \&\1},/p'\'' -e '\''s/^[ABCDGIRSTW][ABCDGIRSTW]* .* \(.*\)$/  {"lib\1", (void *) \&\1},/p'\'''
lt_cv_sys_global_symbol_to_cdecl='sed -n -e '\''s/^T .* \(.*\)$/extern int \1();/p'\'' -e '\''s/^[ABCDGIRSTW][ABCDGIRSTW]* .* \(.*\)$/extern char \1;/p'\'''
lt_cv_sys_global_symbol_to_import=
lt_cv_sys_max_cmd_len=1572864
lt_cv_to_host_file_cmd=func_convert_file_noop
lt_cv_to_tool_file_cmd=func_convert_file_noop
lt_cv_truncate_bin='/bin/dd bs=4096 count=1'

## ----------------- ##
## Output variables. ##
## ----------------- ##

ACLOCAL='${SHELL} /home/grinder/Projects/mesquite-2.3.0/config_aux/missing aclocal-1.15'
AMDEPBACKSLASH='\'
AMDEP_FALSE='#'
AMDEP_TRUE=''
AMTAR='$${TAR-tar}'
AM_BACKSLASH='\'
AM_CPPFLAGS=' -DHAVE_TERMIOS_H -DHAVE_SYS_IOCTL_H -DHAVE_VSNPRINTF -DHAVE_VSPRINTF -DHAVE_CLOCK -DHAVE_TIMES -DHAVE_CBRT -DHAVE_FEENABLEEXCEPT'
AM_CXXFLAGS='  -Wall -pipe'
AM_DEFAULT_V='$(AM_DEFAULT_VERBOSITY)'
AM_DEFAULT_VERBOSITY='1'
AM_LDFLAGS=''
AM_V='$(V)'
AR='ar'
AS='as'
AUTOCONF='${SHELL} /home/grinder/Projects/mesquite-2.3.0/config_aux/missing autoconf'
AUTOHEADER=':'
AUTOMAKE='${SHELL} /home/grinder/Projects/mesquite-2.3.0/config_aux/missing automake-1.15'
AWK='gawk'
BIBTEX='no'
CC='cc'
CCDEPMODE='depmode=gcc3'
CFLAGS=' -fPIC'
CPP='cc -E'
CPPFLAGS=''
CPPUNIT_CPPFLAGS=''
CPPUNIT_LDFLAGS=' -lcppunit -ldl'
CXX='c++'
CXXCPP='c++ -E'
CXXDEPMODE='depmode=gcc3'
CXXFLAGS=' -fPIC'
CYGPATH_W='echo'
DEFS='-DHAVE_CONFIG_H'
DEPDIR='.deps'
DLLTOOL='dlltool'
DOT='no'
DOT_DIR=''
DOXYGEN='no'
DOXYGEN_CHI='no'
DOXYGEN_HTML='no'
DOXYGEN_HTMLHELP='no'
DOXYGEN_LATEX='no'
DOXYGEN_MAN='no'
DOXYGEN_PDF='no'
DOXYGEN_PS='no'
DOXYGEN_RTF='no'
DOXYGEN_XML='no'
DSYMUTIL=''
DUMPBIN=''
DVIPS='no'
ECHO_C=''
ECHO_N='-n'
ECHO_T=''
EGREP='/bin/grep -E'
ENABLE_DOXYGEN=''
ENABLE_DOXYGEN_FALSE=''
ENABLE_DOXYGEN_TRUE='#'
ENABLE_IGEOM='no'
ENABLE_IGEOM_FALSE=''
ENABLE_IGEOM_TRUE='#'
ENABLE_IMESH='no'
ENABLE_IMESHP='no'
ENABLE_IMESHP_FALSE=''
ENABLE_IMESHP_TRUE='#'
ENABLE_IMESH_FALSE=''
ENABLE_IMESH_TRUE='#'
ENABLE_IREL='no'
ENABLE_IREL_FALSE=''
ENABLE_IREL_TRUE='#'
ENABLE_ITAPS_FALSE=''
ENABLE_ITAPS_TRUE='#'
EXEEXT=''
FGREP='/bin/grep -F'
GREP='/bin/grep'
HAVE_DOT='no'
IBASE_INCL=''
IGEOM_DEFS=''
IGEOM_INCL=''
IGEOM_LIBS=''
IMESHP_DEFS=''
IMESHP_INCL=''
IMESHP_LIBS=''
IMESH_DEFS=''
IMESH_INCL=''
IMESH_LIBS=''
INSTALL_DATA='${INSTALL} -m 644'
INSTALL_PROGRAM='${INSTALL}'
INSTALL_SCRIPT='${INSTALL}'
INSTALL_STRIP_PROGRAM='$(install_sh) -c -s'
IREL_DEFS=''
IREL_INCL=''
IREL_LIBS=''
LATEX='no'
LD='/usr/bin/ld -m elf_x86_64'
LDFLAGS=''
LIBOBJS=''
LIBS='-lm'
LIBTOOL='$(SHELL) $(top_builddir)/libtool'
LIPO=''
LN_S='ln -s'
LTLIBOBJS=''
LT_SYS_LIBRARY_PATH=''
MAKEINFO='${SHELL} /home/grinder/Projects/mesquite-2.3.0/config_aux/missing makeinfo'
MANIFEST_TOOL=':'
MESQUITE_IMESH_MAKE_INCLUDE=''
MESQUITE_LIBS=' -lm'
MKDIR_P='/bin/mkdir -p'
MSQ_LIBTOOL_FLAGS=''
MSQ_LIBTOOL_PREFIX=''
NM='/usr/bin/nm -B'
NMEDIT=''
OBJDUMP='objdump'
OBJEXT='o'
OTOOL64=''
OTOOL=''
PACKAGE='mesquite'
PACKAGE_BUGREPORT=''
PACKAGE_NAME='Mesquite'
PACKAGE_STRING='Mesquite 2.3.0'
PACKAGE_TARNAME='mesquite'
PACKAGE_URL=''
PACKAGE_VERSION='2.3.0'
PATH_SEPARATOR=':'
PS2PDF='/usr/bin/ps2pdf'
RANLIB='ranlib'
SED='/bin/sed'
SET_MAKE=''
SHELL='/bin/bash'
STRIP='strip'
TEST_MAKE_INCLUDE='include ../../src/cppflags.make'
USER_GUIDE_PDF='no'
USER_GUIDE_PS='no'
UTIL_MAKE_INCLUDE='include ../src/cppflags.make'
VERSION='2.3.0'
WITH_CPPUNIT_FALSE=''
WITH_CPPUNIT_TRUE='#'
WITH_DOXYGEN_HTML_FALSE=''
WITH_DOXYGEN_HTML_TRUE='#'
WITH_DOXYGEN_PDF_FALSE=''
WITH_DOXYGEN_PDF_TRUE='#'
WITH_DOXYGEN_PS_FALSE=''
WITH_DOXYGEN_PS_TRUE='#'
WITH_EXODUS_FALSE=''
WITH_EXODUS_TRUE='#'
WITH_MPI_FALSE=''
WITH_MPI_TRUE='#'
WITH_USER_GUIDE_PDF_FALSE=''
WITH_USER_GUIDE_PDF_TRUE='#'
WITH_USER_GUIDE_PS_FALSE=''
WITH_USER_GUIDE_PS_TRUE='#'
ac_ct_AR='ar'
ac_ct_CC='cc'
ac_ct_CXX='c++'
ac_ct_DUMPBIN=''
am__EXEEXT_FALSE=''
am__EXEEXT_TRUE='#'
am__fastdepCC_FALSE='#'
am__fastdepCC_TRUE=''
am__fastdepCXX_FALSE='#'
am__fastdepCXX_TRUE=''
am__include='include'
am__isrc=''
am__leading_dot='.'
am__nodep='_no'
am__quote=''
am__tar='$${TAR-tar} chof - "$$tardir"'
am__untar='$${TAR-tar} xf -'
bindir='${exec_prefix}/bin'
build='x86_64-pc-linux-gnu'
build_alias=''
build_cpu='x86_64'
build_os='linux-gnu'
build_vendor='pc'
datadir='${datarootdir}'
datarootdir='${prefix}/share'
docdir='${datarootdir}/doc/${PACKAGE_TARNAME}'
dvidir='${docdir}'
exec_prefix='${prefix}'
host='x86_64-pc-linux-gnu'
host_alias=''
host_cpu='x86_64'
host_os='linux-gnu'
host_vendor='pc'
htmldir='${docdir}'
includedir='${prefix}/include'
infodir='${datarootdir}/info'
install_sh='${SHELL} /home/grinder/Projects/mesquite-2.3.0/config_aux/install-sh'
libdir='${exec_prefix}/lib'
libexecdir='${exec_prefix}/libexec'
localedir='${datarootdir}/locale'
localstatedir='${prefix}/var'
mandir='${datarootdir}/man'
mkdir_p='$(MKDIR_P)'
oldincludedir='/usr/include'
pdfdir='${docdir}'
prefix='/usr/local'
program_transform_name='s,x,x,'
psdir='${docdir}'
runstatedir='${localstatedir}/run'
sbindir='${exec_prefix}/sbin'
sharedstatedir='${prefix}/com'
sysconfdir='${prefix}/etc'
target='x86_64-pc-linux-gnu'
target_alias=''
target_cpu='x86_64'
target_os='linux-gnu'
target_vendor='pc'

## ----------- ##
## confdefs.h. ##
## ----------- ##

/* confdefs.h */
#define PACKAGE_NAME "Mesquite"
#define PACKAGE_TARNAME "mesquite"
#define PACKAGE_VERSION "2.3.0"
#define PACKAGE_STRING "Mesquite 2.3.0"
#define PACKAGE_BUGREPORT ""
#define PACKAGE_URL ""
#define PACKAGE "mesquite"
#define VERSION "2.3.0"
#define MSQ_VERSION "2.3.0"
#define MSQ_VERSION_MAJOR 2
#define MSQ_VERSION_MINOR 3
#define MSQ_VERSION_PATCH 0
#define MSQ_VERSION_STRING "Mesquite 2.3.0"
#define MESQUITE_NS Mesquite2
#define MESQUITE_NS_ALIAS 1
#define STDC_HEADERS 1
#define HAVE_SYS_TYPES_H 1
#define HAVE_SYS_STAT_H 1
#define HAVE_STDLIB_H 1
#define HAVE_STRING_H 1
#define HAVE_MEMORY_H 1
#define HAVE_STRINGS_H 1
#define HAVE_INTTYPES_H 1
#define HAVE_STDINT_H 1
#define HAVE_UNISTD_H 1
#define HAVE_DLFCN_H 1
#define LT_OBJDIR ".libs/"
#define STDC_HEADERS 1
#define HAVE_FCNTL_H 1
#define HAVE_STRINGS_H 1
#define HAVE_SYS_FILE_H 1
#define HAVE_SYS_TIME_H 1
#define HAVE_UNISTD_H 1
#define MSQ_HAVE_STDINT_H 1
#define MSQ_HAVE_INTTYPES_H 1
#define HAVE_VSNPRINTF 1
#define HAVE_VSPRINTF 1
#define HAVE_CLOCK 1
#define HAVE_TIMES 1
#define HAVE_CBRT 1
#define MSQ_FUNCTION __PRETTY_FUNCTION__

configure: exit 0
